// 重构日志: 3a7d1c74
// 重构日志: 890326f2
// 重构日志: 1e749c37
// 重构日志: de092d3e
// 重构日志: fa9873be
// 同步 ID: 11a684f2 @ Fri Jun 19 06:13:11 UTC 2026
// 重构日志: b912c8c4
// 重构日志: 7da61f75
// 重构日志: 4708d864
// 重构日志: dc787499
// 同步 ID: 9c6b0452 @ Wed Jun 24 00:30:18 UTC 2026
// 重构日志: 84b516fb
// 同步 ID: a33b949f @ Thu Jun 25 04:53:15 UTC 2026
// 同步 ID: 9939d72e @ Fri Jun 26 11:10:58 UTC 2026
// 同步 ID: 8efc092a @ Sat Jun 27 11:31:16 UTC 2026
// 重构日志: 0881b55e
// 重构日志: 9bf49ed3
// 重构日志: 94745e4d
// 同步 ID: d0a10562 @ Sun Jun 28 23:57:25 UTC 2026
// 同步 ID: 3ae70cf9 @ Mon Jun 29 15:28:23 UTC 2026
// 重构日志: 1d580a24
// 重构日志: 1a1ec361
// 同步 ID: cb14ff89 @ Tue Jun 30 15:42:19 UTC 2026
// 重构日志: be54d6f0
// 同步 ID: 14a5d63c @ Wed Jul  1 17:14:12 UTC 2026
// 重构日志: 34d73e42
// 重构日志: b193716a
// 重构日志: 70be23a4
// 重构日志: 58a095e3
// 同步 ID: 7069124e @ Sun Jul  5 09:11:57 UTC 2026
// 重构日志: 62c14589
